2026-04-13 20:14:05.275 | ERROR    | app.main:catch_exceptions_middleware:99 - Unhandled error Out of range float values are not JSON compliant: inf
Traceback (most recent call last):

  File "<string>", line 1, in <module>
  File "C:\Users\tadjb\AppData\Roaming\uv\python\cpython-3.12.12-windows-x86_64-none\Lib\multiprocessing\spawn.py", line 122, in spawn_main
    exitcode = _main(fd, parent_sentinel)
               │     │   └ 388
               │     └ 3
               └ <function _main at 0x0000023290FFF600>
  File "C:\Users\tadjb\AppData\Roaming\uv\python\cpython-3.12.12-windows-x86_64-none\Lib\multiprocessing\spawn.py", line 135, in _main
    return self._bootstrap(parent_sentinel)
           │    │          └ 388
           │    └ <function BaseProcess._bootstrap at 0x0000023290EF9120>
           └ <SpawnProcess name='SpawnProcess-5' parent=4288 started>
  File "C:\Users\tadjb\AppData\Roaming\uv\python\cpython-3.12.12-windows-x86_64-none\Lib\multiprocessing\process.py", line 314, in _bootstrap
    self.run()
    │    └ <function BaseProcess.run at 0x0000023290EF8680>
    └ <SpawnProcess name='SpawnProcess-5' parent=4288 started>
  File "C:\Users\tadjb\AppData\Roaming\uv\python\cpython-3.12.12-windows-x86_64-none\Lib\multiprocessing\process.py", line 108, in run
    self._target(*self._args, **self._kwargs)
    │    │        │    │        │    └ {'config': <uvicorn.config.Config object at 0x0000023290FAFA70>, 'target': <bound method Server.run of <uvicorn.server.Server...
    │    │        │    │        └ <SpawnProcess name='SpawnProcess-5' parent=4288 started>
    │    │        │    └ ()
    │    │        └ <SpawnProcess name='SpawnProcess-5' parent=4288 started>
    │    └ <function subprocess_started at 0x000002329343A480>
    └ <SpawnProcess name='SpawnProcess-5' parent=4288 started>
  File "D:\work\web\churn-shield\backend\.venv\Lib\site-packages\uvicorn\_subprocess.py", line 80, in subprocess_started
    target(sockets=sockets)
    │              └ [<socket.socket fd=108, family=2, type=1, proto=6, laddr=('127.0.0.1', 8000)>]
    └ <bound method Server.run of <uvicorn.server.Server object at 0x0000023293801580>>
  File "D:\work\web\churn-shield\backend\.venv\Lib\site-packages\uvicorn\server.py", line 67, in run
    return asyncio_run(self.serve(sockets=sockets), loop_factory=self.config.get_loop_factory())
           │           │    │             │                      │    │      └ <function Config.get_loop_factory at 0x0000023293396DE0>
           │           │    │             │                      │    └ <uvicorn.config.Config object at 0x0000023290FAFA70>
           │           │    │             │                      └ <uvicorn.server.Server object at 0x0000023293801580>
           │           │    │             └ [<socket.socket fd=108, family=2, type=1, proto=6, laddr=('127.0.0.1', 8000)>]
           │           │    └ <function Server.serve at 0x0000023293439800>
           │           └ <uvicorn.server.Server object at 0x0000023293801580>
           └ <function run at 0x0000023292CB5DA0>
  File "C:\Users\tadjb\AppData\Roaming\uv\python\cpython-3.12.12-windows-x86_64-none\Lib\asyncio\runners.py", line 195, in run
    return runner.run(main)
           │      │   └ <coroutine object Server.serve at 0x00000232937EDB60>
           │      └ <function Runner.run at 0x0000023292D2B2E0>
           └ <asyncio.runners.Runner object at 0x00000232937336B0>
  File "C:\Users\tadjb\AppData\Roaming\uv\python\cpython-3.12.12-windows-x86_64-none\Lib\asyncio\runners.py", line 118, in run
    return self._loop.run_until_complete(task)
           │    │     │                  └ <Task pending name='Task-1' coro=<Server.serve() running at D:\work\web\churn-shield\backend\.venv\Lib\site-packages\uvicorn\...
           │    │     └ <function BaseEventLoop.run_until_complete at 0x0000023292D28F40>
           │    └ <_WindowsSelectorEventLoop running=True closed=False debug=False>
           └ <asyncio.runners.Runner object at 0x00000232937336B0>
  File "C:\Users\tadjb\AppData\Roaming\uv\python\cpython-3.12.12-windows-x86_64-none\Lib\asyncio\base_events.py", line 678, in run_until_complete
    self.run_forever()
    │    └ <function BaseEventLoop.run_forever at 0x0000023292D28EA0>
    └ <_WindowsSelectorEventLoop running=True closed=False debug=False>
  File "C:\Users\tadjb\AppData\Roaming\uv\python\cpython-3.12.12-windows-x86_64-none\Lib\asyncio\base_events.py", line 645, in run_forever
    self._run_once()
    │    └ <function BaseEventLoop._run_once at 0x0000023292D2ACA0>
    └ <_WindowsSelectorEventLoop running=True closed=False debug=False>
  File "C:\Users\tadjb\AppData\Roaming\uv\python\cpython-3.12.12-windows-x86_64-none\Lib\asyncio\base_events.py", line 1999, in _run_once
    handle._run()
    │      └ <function Handle._run at 0x0000023292C68FE0>
    └ <Handle Task.task_wakeup(<Future finished result=True>)>
  File "C:\Users\tadjb\AppData\Roaming\uv\python\cpython-3.12.12-windows-x86_64-none\Lib\asyncio\events.py", line 88, in _run
    self._context.run(self._callback, *self._args)
    │    │            │    │           │    └ <member '_args' of 'Handle' objects>
    │    │            │    │           └ <Handle Task.task_wakeup(<Future finished result=True>)>
    │    │            │    └ <member '_callback' of 'Handle' objects>
    │    │            └ <Handle Task.task_wakeup(<Future finished result=True>)>
    │    └ <member '_context' of 'Handle' objects>
    └ <Handle Task.task_wakeup(<Future finished result=True>)>
  File "D:\work\web\churn-shield\backend\.venv\Lib\site-packages\uvicorn\protocols\http\httptools_impl.py", line 416, in run_asgi
    result = await app(  # type: ignore[func-returns-value]
                   └ <uvicorn.middleware.proxy_headers.ProxyHeadersMiddleware object at 0x00000232C8FA0080>
  File "D:\work\web\churn-shield\backend\.venv\Lib\site-packages\uvicorn\middleware\proxy_headers.py", line 60, in __call__
    return await self.app(scope, receive, send)
                 │    │   │      │        └ <bound method RequestResponseCycle.send of <uvicorn.protocols.http.httptools_impl.RequestResponseCycle object at 0x00000232CA...
                 │    │   │      └ <bound method RequestResponseCycle.receive of <uvicorn.protocols.http.httptools_impl.RequestResponseCycle object at 0x0000023...
                 │    │   └ {'type': 'http', 'asgi': {'version': '3.0', 'spec_version': '2.3'}, 'http_version': '1.1', 'server': ('127.0.0.1', 8000), 'cl...
                 │    └ <fastapi.applications.FastAPI object at 0x00000232C921F380>
                 └ <uvicorn.middleware.proxy_headers.ProxyHeadersMiddleware object at 0x00000232C8FA0080>
  File "D:\work\web\churn-shield\backend\.venv\Lib\site-packages\fastapi\applications.py", line 1138, in __call__
    await super().__call__(scope, receive, send)
                           │      │        └ <bound method RequestResponseCycle.send of <uvicorn.protocols.http.httptools_impl.RequestResponseCycle object at 0x00000232CA...
                           │      └ <bound method RequestResponseCycle.receive of <uvicorn.protocols.http.httptools_impl.RequestResponseCycle object at 0x0000023...
                           └ {'type': 'http', 'asgi': {'version': '3.0', 'spec_version': '2.3'}, 'http_version': '1.1', 'server': ('127.0.0.1', 8000), 'cl...
  File "D:\work\web\churn-shield\backend\.venv\Lib\site-packages\starlette\applications.py", line 107, in __call__
    await self.middleware_stack(scope, receive, send)
          │    │                │      │        └ <bound method RequestResponseCycle.send of <uvicorn.protocols.http.httptools_impl.RequestResponseCycle object at 0x00000232CA...
          │    │                │      └ <bound method RequestResponseCycle.receive of <uvicorn.protocols.http.httptools_impl.RequestResponseCycle object at 0x0000023...
          │    │                └ {'type': 'http', 'asgi': {'version': '3.0', 'spec_version': '2.3'}, 'http_version': '1.1', 'server': ('127.0.0.1', 8000), 'cl...
          │    └ <starlette.middleware.errors.ServerErrorMiddleware object at 0x00000232C8D4BBF0>
          └ <fastapi.applications.FastAPI object at 0x00000232C921F380>
  File "D:\work\web\churn-shield\backend\.venv\Lib\site-packages\starlette\middleware\errors.py", line 164, in __call__
    await self.app(scope, receive, _send)
          │    │   │      │        └ <function ServerErrorMiddleware.__call__.<locals>._send at 0x00000232CA4F7EC0>
          │    │   │      └ <bound method RequestResponseCycle.receive of <uvicorn.protocols.http.httptools_impl.RequestResponseCycle object at 0x0000023...
          │    │   └ {'type': 'http', 'asgi': {'version': '3.0', 'spec_version': '2.3'}, 'http_version': '1.1', 'server': ('127.0.0.1', 8000), 'cl...
          │    └ <starlette.middleware.base.BaseHTTPMiddleware object at 0x00000232C91E8590>
          └ <starlette.middleware.errors.ServerErrorMiddleware object at 0x00000232C8D4BBF0>
  File "D:\work\web\churn-shield\backend\.venv\Lib\site-packages\starlette\middleware\base.py", line 193, in __call__
    response = await self.dispatch_func(request, call_next)
                     │    │             │        └ <function BaseHTTPMiddleware.__call__.<locals>.call_next at 0x00000232CA4F7BA0>
                     │    │             └ <starlette.middleware.base._CachedRequest object at 0x00000232CA51C650>
                     │    └ <function catch_exceptions_middleware at 0x00000232C929CD60>
                     └ <starlette.middleware.base.BaseHTTPMiddleware object at 0x00000232C91E8590>

> File "D:\work\web\churn-shield\backend\app\main.py", line 96, in catch_exceptions_middleware
    response = await call_next(request)
                     │         └ <starlette.middleware.base._CachedRequest object at 0x00000232CA51C650>
                     └ <function BaseHTTPMiddleware.__call__.<locals>.call_next at 0x00000232CA4F7BA0>

  File "D:\work\web\churn-shield\backend\.venv\Lib\site-packages\starlette\middleware\base.py", line 168, in call_next
    raise app_exc from app_exc.__cause__ or app_exc.__context__
          │            │       │            │       └ <attribute '__context__' of 'BaseException' objects>
          │            │       │            └ ValueError('Out of range float values are not JSON compliant: inf')
          │            │       └ <attribute '__cause__' of 'BaseException' objects>
          │            └ ValueError('Out of range float values are not JSON compliant: inf')
          └ ValueError('Out of range float values are not JSON compliant: inf')
  File "D:\work\web\churn-shield\backend\.venv\Lib\site-packages\starlette\middleware\base.py", line 144, in coro
    await self.app(scope, receive_or_disconnect, send_no_error)
          │    │   │      │                      └ <function BaseHTTPMiddleware.__call__.<locals>.call_next.<locals>.send_no_error at 0x00000232C9316840>
          │    │   │      └ <function BaseHTTPMiddleware.__call__.<locals>.call_next.<locals>.receive_or_disconnect at 0x00000232C93167A0>
          │    │   └ {'type': 'http', 'asgi': {'version': '3.0', 'spec_version': '2.3'}, 'http_version': '1.1', 'server': ('127.0.0.1', 8000), 'cl...
          │    └ <starlette.middleware.cors.CORSMiddleware object at 0x00000232C8E5FB30>
          └ <starlette.middleware.base.BaseHTTPMiddleware object at 0x00000232C91E8590>
  File "D:\work\web\churn-shield\backend\.venv\Lib\site-packages\starlette\middleware\cors.py", line 95, in __call__
    await self.simple_response(scope, receive, send, request_headers=headers)
          │    │               │      │        │                     └ Headers({'host': '127.0.0.1:8000', 'connection': 'keep-alive', 'sec-ch-ua-platform': '"Windows"', 'authorization': 'Bearer ey...
          │    │               │      │        └ <function BaseHTTPMiddleware.__call__.<locals>.call_next.<locals>.send_no_error at 0x00000232C9316840>
          │    │               │      └ <function BaseHTTPMiddleware.__call__.<locals>.call_next.<locals>.receive_or_disconnect at 0x00000232C93167A0>
          │    │               └ {'type': 'http', 'asgi': {'version': '3.0', 'spec_version': '2.3'}, 'http_version': '1.1', 'server': ('127.0.0.1', 8000), 'cl...
          │    └ <function CORSMiddleware.simple_response at 0x00000232948F0040>
          └ <starlette.middleware.cors.CORSMiddleware object at 0x00000232C8E5FB30>
  File "D:\work\web\churn-shield\backend\.venv\Lib\site-packages\starlette\middleware\cors.py", line 153, in simple_response
    await self.app(scope, receive, send)
          │    │   │      │        └ functools.partial(<bound method CORSMiddleware.send of <starlette.middleware.cors.CORSMiddleware object at 0x00000232C8E5FB30...
          │    │   │      └ <function BaseHTTPMiddleware.__call__.<locals>.call_next.<locals>.receive_or_disconnect at 0x00000232C93167A0>
          │    │   └ {'type': 'http', 'asgi': {'version': '3.0', 'spec_version': '2.3'}, 'http_version': '1.1', 'server': ('127.0.0.1', 8000), 'cl...
          │    └ <starlette.middleware.exceptions.ExceptionMiddleware object at 0x00000232C902D0A0>
          └ <starlette.middleware.cors.CORSMiddleware object at 0x00000232C8E5FB30>
  File "D:\work\web\churn-shield\backend\.venv\Lib\site-packages\starlette\middleware\exceptions.py", line 63, in __call__
    await wrap_app_handling_exceptions(self.app, conn)(scope, receive, send)
          │                            │    │    │     │      │        └ functools.partial(<bound method CORSMiddleware.send of <starlette.middleware.cors.CORSMiddleware object at 0x00000232C8E5FB30...
          │                            │    │    │     │      └ <function BaseHTTPMiddleware.__call__.<locals>.call_next.<locals>.receive_or_disconnect at 0x00000232C93167A0>
          │                            │    │    │     └ {'type': 'http', 'asgi': {'version': '3.0', 'spec_version': '2.3'}, 'http_version': '1.1', 'server': ('127.0.0.1', 8000), 'cl...
          │                            │    │    └ <starlette.requests.Request object at 0x00000232CA4BA810>
          │                            │    └ <fastapi.middleware.asyncexitstack.AsyncExitStackMiddleware object at 0x00000232C8FA22A0>
          │                            └ <starlette.middleware.exceptions.ExceptionMiddleware object at 0x00000232C902D0A0>
          └ <function wrap_app_handling_exceptions at 0x0000023294867920>
  File "D:\work\web\churn-shield\backend\.venv\Lib\site-packages\starlette\_exception_handler.py", line 53, in wrapped_app
    raise exc
  File "D:\work\web\churn-shield\backend\.venv\Lib\site-packages\starlette\_exception_handler.py", line 42, in wrapped_app
    await app(scope, receive, sender)
          │   │      │        └ <function wrap_app_handling_exceptions.<locals>.wrapped_app.<locals>.sender at 0x00000232C93154E0>
          │   │      └ <function BaseHTTPMiddleware.__call__.<locals>.call_next.<locals>.receive_or_disconnect at 0x00000232C93167A0>
          │   └ {'type': 'http', 'asgi': {'version': '3.0', 'spec_version': '2.3'}, 'http_version': '1.1', 'server': ('127.0.0.1', 8000), 'cl...
          └ <fastapi.middleware.asyncexitstack.AsyncExitStackMiddleware object at 0x00000232C8FA22A0>
  File "D:\work\web\churn-shield\backend\.venv\Lib\site-packages\fastapi\middleware\asyncexitstack.py", line 18, in __call__
    await self.app(scope, receive, send)
          │    │   │      │        └ <function wrap_app_handling_exceptions.<locals>.wrapped_app.<locals>.sender at 0x00000232C93154E0>
          │    │   │      └ <function BaseHTTPMiddleware.__call__.<locals>.call_next.<locals>.receive_or_disconnect at 0x00000232C93167A0>
          │    │   └ {'type': 'http', 'asgi': {'version': '3.0', 'spec_version': '2.3'}, 'http_version': '1.1', 'server': ('127.0.0.1', 8000), 'cl...
          │    └ <fastapi.routing.APIRouter object at 0x00000232C921F470>
          └ <fastapi.middleware.asyncexitstack.AsyncExitStackMiddleware object at 0x00000232C8FA22A0>
  File "D:\work\web\churn-shield\backend\.venv\Lib\site-packages\starlette\routing.py", line 716, in __call__
    await self.middleware_stack(scope, receive, send)
          │    │                │      │        └ <function wrap_app_handling_exceptions.<locals>.wrapped_app.<locals>.sender at 0x00000232C93154E0>
          │    │                │      └ <function BaseHTTPMiddleware.__call__.<locals>.call_next.<locals>.receive_or_disconnect at 0x00000232C93167A0>
          │    │                └ {'type': 'http', 'asgi': {'version': '3.0', 'spec_version': '2.3'}, 'http_version': '1.1', 'server': ('127.0.0.1', 8000), 'cl...
          │    └ <bound method Router.app of <fastapi.routing.APIRouter object at 0x00000232C921F470>>
          └ <fastapi.routing.APIRouter object at 0x00000232C921F470>
  File "D:\work\web\churn-shield\backend\.venv\Lib\site-packages\starlette\routing.py", line 736, in app
    await route.handle(scope, receive, send)
          │     │      │      │        └ <function wrap_app_handling_exceptions.<locals>.wrapped_app.<locals>.sender at 0x00000232C93154E0>
          │     │      │      └ <function BaseHTTPMiddleware.__call__.<locals>.call_next.<locals>.receive_or_disconnect at 0x00000232C93167A0>
          │     │      └ {'type': 'http', 'asgi': {'version': '3.0', 'spec_version': '2.3'}, 'http_version': '1.1', 'server': ('127.0.0.1', 8000), 'cl...
          │     └ <function Route.handle at 0x000002329488CF40>
          └ APIRoute(path='/api/v1/insights/model/charts/{model_id}', name='read_model_charts', methods=['GET'])
  File "D:\work\web\churn-shield\backend\.venv\Lib\site-packages\starlette\routing.py", line 290, in handle
    await self.app(scope, receive, send)
          │    │   │      │        └ <function wrap_app_handling_exceptions.<locals>.wrapped_app.<locals>.sender at 0x00000232C93154E0>
          │    │   │      └ <function BaseHTTPMiddleware.__call__.<locals>.call_next.<locals>.receive_or_disconnect at 0x00000232C93167A0>
          │    │   └ {'type': 'http', 'asgi': {'version': '3.0', 'spec_version': '2.3'}, 'http_version': '1.1', 'server': ('127.0.0.1', 8000), 'cl...
          │    └ <function request_response.<locals>.app at 0x00000232C929C540>
          └ APIRoute(path='/api/v1/insights/model/charts/{model_id}', name='read_model_charts', methods=['GET'])
  File "D:\work\web\churn-shield\backend\.venv\Lib\site-packages\fastapi\routing.py", line 124, in app
    await wrap_app_handling_exceptions(app, request)(scope, receive, send)
          │                            │    │        │      │        └ <function wrap_app_handling_exceptions.<locals>.wrapped_app.<locals>.sender at 0x00000232C93154E0>
          │                            │    │        │      └ <function BaseHTTPMiddleware.__call__.<locals>.call_next.<locals>.receive_or_disconnect at 0x00000232C93167A0>
          │                            │    │        └ {'type': 'http', 'asgi': {'version': '3.0', 'spec_version': '2.3'}, 'http_version': '1.1', 'server': ('127.0.0.1', 8000), 'cl...
          │                            │    └ <starlette.requests.Request object at 0x00000232CA4FB500>
          │                            └ <function request_response.<locals>.app.<locals>.app at 0x00000232C9315620>
          └ <function wrap_app_handling_exceptions at 0x0000023294867920>
  File "D:\work\web\churn-shield\backend\.venv\Lib\site-packages\starlette\_exception_handler.py", line 53, in wrapped_app
    raise exc
  File "D:\work\web\churn-shield\backend\.venv\Lib\site-packages\starlette\_exception_handler.py", line 42, in wrapped_app
    await app(scope, receive, sender)
          │   │      │        └ <function wrap_app_handling_exceptions.<locals>.wrapped_app.<locals>.sender at 0x00000232CA520D60>
          │   │      └ <function BaseHTTPMiddleware.__call__.<locals>.call_next.<locals>.receive_or_disconnect at 0x00000232C93167A0>
          │   └ {'type': 'http', 'asgi': {'version': '3.0', 'spec_version': '2.3'}, 'http_version': '1.1', 'server': ('127.0.0.1', 8000), 'cl...
          └ <function request_response.<locals>.app.<locals>.app at 0x00000232C9315620>
  File "D:\work\web\churn-shield\backend\.venv\Lib\site-packages\fastapi\routing.py", line 110, in app
    response = await f(request)
                     │ └ <starlette.requests.Request object at 0x00000232CA4FB500>
                     └ <function get_request_handler.<locals>.app at 0x00000232C929C4A0>
  File "D:\work\web\churn-shield\backend\.venv\Lib\site-packages\fastapi\routing.py", line 466, in app
    response = actual_response_class(content, **response_args)
               │                     │          └ {'background': None}
               │                     └ [{'type': 'Feature Importance', 'data': {'features': ['SupportCalls', 'TotalCharges', 'MonthlyCharges', 'TenureMonths', 'Age'...
               └ <class 'starlette.responses.JSONResponse'>
  File "D:\work\web\churn-shield\backend\.venv\Lib\site-packages\starlette\responses.py", line 189, in __init__
    super().__init__(content, status_code, headers, media_type, background)
                     │        │            │        │           └ None
                     │        │            │        └ None
                     │        │            └ None
                     │        └ 200
                     └ [{'type': 'Feature Importance', 'data': {'features': ['SupportCalls', 'TotalCharges', 'MonthlyCharges', 'TenureMonths', 'Age'...
  File "D:\work\web\churn-shield\backend\.venv\Lib\site-packages\starlette\responses.py", line 46, in __init__
    self.body = self.render(content)
    │           │    │      └ [{'type': 'Feature Importance', 'data': {'features': ['SupportCalls', 'TotalCharges', 'MonthlyCharges', 'TenureMonths', 'Age'...
    │           │    └ <function JSONResponse.render at 0x0000023294846E80>
    │           └ <starlette.responses.JSONResponse object at 0x00000232CA47DEB0>
    └ <starlette.responses.JSONResponse object at 0x00000232CA47DEB0>
  File "D:\work\web\churn-shield\backend\.venv\Lib\site-packages\starlette\responses.py", line 192, in render
    return json.dumps(
           │    └ <function dumps at 0x00000232931DF060>
           └ <module 'json' from 'C:\\Users\\tadjb\\AppData\\Roaming\\uv\\python\\cpython-3.12.12-windows-x86_64-none\\Lib\\json\\__init__...
  File "C:\Users\tadjb\AppData\Roaming\uv\python\cpython-3.12.12-windows-x86_64-none\Lib\json\__init__.py", line 238, in dumps
    **kw).encode(obj)
      │          └ [{'type': 'Feature Importance', 'data': {'features': ['SupportCalls', 'TotalCharges', 'MonthlyCharges', 'TenureMonths', 'Age'...
      └ {}
  File "C:\Users\tadjb\AppData\Roaming\uv\python\cpython-3.12.12-windows-x86_64-none\Lib\json\encoder.py", line 200, in encode
    chunks = self.iterencode(o, _one_shot=True)
             │    │          └ [{'type': 'Feature Importance', 'data': {'features': ['SupportCalls', 'TotalCharges', 'MonthlyCharges', 'TenureMonths', 'Age'...
             │    └ <function JSONEncoder.iterencode at 0x00000232931DF600>
             └ <json.encoder.JSONEncoder object at 0x00000232C933F890>
  File "C:\Users\tadjb\AppData\Roaming\uv\python\cpython-3.12.12-windows-x86_64-none\Lib\json\encoder.py", line 258, in iterencode
    return _iterencode(o, 0)
           │           └ [{'type': 'Feature Importance', 'data': {'features': ['SupportCalls', 'TotalCharges', 'MonthlyCharges', 'TenureMonths', 'Age'...
           └ <_json.Encoder object at 0x00000232CA4F25C0>

ValueError: Out of range float values are not JSON compliant: inf
